TN:
SF:src/lib/schemas/api-keys.schema.ts
FNF:0
FNH:0
DA:6,1
DA:8,1
LF:2
LH:2
BRF:0
BRH:0
end_of_record
TN:
SF:src/lib/schemas/auth.schema.ts
FNF:0
FNH:0
DA:4,1
DA:7,1
DA:13,1
DA:22,1
DA:31,1
DA:39,1
DA:47,1
DA:52,1
LF:8
LH:8
BRF:0
BRH:0
end_of_record
TN:
SF:src/lib/schemas/prompt-sections.schema.ts
FN:28,(anonymous_0)
FNF:1
FNH:1
FNDA:7,(anonymous_0)
DA:6,1
DA:14,1
DA:23,1
DA:28,7
DA:35,1
DA:42,1
DA:50,1
LF:7
LH:7
BRDA:28,0,0,7
BRDA:28,0,1,3
BRF:2
BRH:2
end_of_record
TN:
SF:src/lib/schemas/prompts.schema.ts
FN:10,(anonymous_0)
FN:53,(anonymous_1)
FNF:2
FNH:2
FNDA:2,(anonymous_0)
FNDA:3,(anonymous_1)
DA:7,1
DA:10,2
DA:22,1
DA:32,1
DA:42,1
DA:49,1
DA:53,3
DA:61,1
DA:69,1
LF:9
LH:9
BRDA:10,0,0,1
BRDA:10,0,1,1
BRDA:53,1,0,2
BRDA:53,1,1,1
BRDA:53,2,0,3
BRDA:53,2,1,2
BRF:6
BRH:6
end_of_record
TN:
SF:src/lib/schemas/smelts.schema.ts
FN:87,validateAudioFile
FNF:1
FNH:1
FNDA:9,validateAudioFile
DA:14,2
DA:15,2
DA:16,2
DA:18,2
DA:19,2
DA:34,2
DA:36,2
DA:38,2
DA:44,2
DA:57,2
DA:71,2
DA:88,9
DA:89,9
DA:90,9
DA:92,9
DA:93,2
DA:96,7
DA:97,2
DA:98,2
LF:19
LH:19
BRDA:88,0,0,9
BRDA:88,0,1,0
BRDA:92,1,0,2
BRDA:92,1,1,7
BRDA:92,2,0,9
BRDA:92,2,1,3
BRDA:96,3,0,2
BRDA:96,3,1,5
BRF:8
BRH:7
end_of_record
TN:
SF:src/lib/schemas/usage.schema.ts
FNF:0
FNH:0
DA:3,1
DA:11,1
DA:21,1
DA:27,1
LF:4
LH:4
BRF:0
BRH:0
end_of_record
TN:
SF:src/lib/services/api-keys.service.ts
FN:16,validateAndStoreApiKey
FN:60,getApiKeyStatus
FN:92,deleteApiKey
FN:140,validateWithOpenRouter
FNF:4
FNH:4
FNDA:5,validateAndStoreApiKey
FNDA:3,getApiKeyStatus
FNDA:3,deleteApiKey
FNDA:5,validateWithOpenRouter
DA:21,5
DA:22,5
DA:24,2
DA:25,2
DA:27,2
DA:33,2
DA:35,1
DA:43,1
DA:45,1
DA:51,4
DA:52,1
DA:53,1
DA:61,3
DA:62,3
DA:68,3
DA:74,3
DA:76,2
DA:82,1
DA:83,1
DA:84,1
DA:93,3
DA:94,3
DA:100,3
DA:102,2
DA:104,2
DA:106,1
DA:114,1
DA:116,1
DA:122,1
DA:124,1
DA:130,2
DA:131,1
DA:132,1
DA:141,5
DA:142,5
DA:148,4
DA:150,2
DA:151,1
DA:152,1
DA:155,0
DA:157,3
DA:158,2
DA:159,1
DA:160,1
DA:161,1
LF:45
LH:44
BRDA:33,0,0,1
BRDA:33,0,1,1
BRDA:43,1,0,0
BRDA:43,1,1,1
BRDA:51,2,0,3
BRDA:51,2,1,1
BRDA:74,3,0,1
BRDA:74,3,1,2
BRDA:78,4,0,2
BRDA:78,4,1,0
BRDA:79,5,0,3
BRDA:79,5,1,1
BRDA:82,6,0,0
BRDA:82,6,1,1
BRDA:100,7,0,1
BRDA:100,7,1,2
BRDA:104,8,0,1
BRDA:104,8,1,1
BRDA:114,9,0,0
BRDA:114,9,1,1
BRDA:122,10,0,0
BRDA:122,10,1,1
BRDA:122,11,0,1
BRDA:122,11,1,1
BRDA:130,12,0,1
BRDA:130,12,1,1
BRDA:148,13,0,2
BRDA:148,13,1,2
BRDA:150,14,0,1
BRDA:150,14,1,1
BRDA:151,15,0,1
BRDA:151,15,1,0
BRDA:151,16,0,1
BRDA:151,16,1,0
BRDA:157,17,0,1
BRDA:157,17,1,2
BRDA:158,18,0,1
BRDA:158,18,1,1
BRDA:159,19,0,0
BRDA:159,19,1,1
BRF:40
BRH:32
end_of_record
TN:
SF:src/lib/services/auth.service.ts
FN:32,requiresEmailVerification
FN:42,register
FN:86,login
FN:135,logout
FN:150,getSession
FN:170,exchangeCodeForSession
FN:207,resetPassword
FN:231,updatePassword
FN:252,resendVerification
FN:280,refreshSession
FN:295,getAuthenticatedSession
FN:321,getAnonymousSession
FN:346,getBaseUrl
FNF:13
FNH:13
FNDA:2,requiresEmailVerification
FNDA:5,register
FNDA:5,login
FNDA:2,logout
FNDA:3,getSession
FNDA:4,exchangeCodeForSession
FNDA:3,resetPassword
FNDA:3,updatePassword
FNDA:3,resendVerification
FNDA:2,refreshSession
FNDA:3,getAuthenticatedSession
FNDA:1,getAnonymousSession
FNDA:10,getBaseUrl
DA:27,1
DA:33,2
DA:34,2
DA:48,5
DA:49,5
DA:57,5
DA:58,2
DA:59,2
DA:60,1
DA:62,1
DA:63,0
DA:66,3
DA:67,1
DA:70,2
DA:75,3
DA:76,0
DA:77,0
DA:87,5
DA:88,5
DA:90,5
DA:91,3
DA:92,3
DA:93,1
DA:95,2
DA:96,1
DA:98,1
DA:99,0
DA:102,2
DA:103,0
DA:107,2
DA:109,1
DA:110,1
DA:114,1
DA:116,1
DA:125,4
DA:126,0
DA:127,0
DA:136,2
DA:137,2
DA:138,2
DA:140,1
DA:141,1
DA:142,1
DA:151,3
DA:153,3
DA:155,3
DA:156,2
DA:158,1
DA:160,0
DA:161,0
DA:162,0
DA:174,4
DA:175,4
DA:177,4
DA:178,2
DA:179,2
DA:180,2
DA:182,0
DA:185,2
DA:186,1
DA:190,1
DA:191,4
DA:193,4
DA:198,3
DA:199,0
DA:200,0
DA:208,3
DA:209,3
DA:213,3
DA:214,2
DA:215,2
DA:217,1
DA:221,1
DA:222,0
DA:223,0
DA:232,3
DA:233,3
DA:235,3
DA:236,2
DA:237,2
DA:238,1
DA:240,1
DA:243,2
DA:244,1
DA:245,1
DA:253,3
DA:254,3
DA:262,3
DA:263,2
DA:264,2
DA:266,1
DA:270,1
DA:271,0
DA:272,0
DA:281,2
DA:282,2
DA:283,2
DA:285,1
DA:286,1
DA:287,1
DA:300,3
DA:306,3
DA:308,3
DA:322,1
DA:324,1
DA:326,1
DA:328,1
DA:329,1
DA:330,1
DA:332,1
DA:348,10
DA:349,0
DA:352,10
LF:113
LH:95
BRDA:33,0,0,0
BRDA:33,0,1,2
BRDA:53,1,0,5
BRDA:53,1,1,4
BRDA:57,2,0,2
BRDA:57,2,1,3
BRDA:59,3,0,1
BRDA:59,3,1,1
BRDA:59,4,0,2
BRDA:59,4,1,1
BRDA:62,5,0,1
BRDA:62,5,1,0
BRDA:66,6,0,1
BRDA:66,6,1,2
BRDA:66,7,0,3
BRDA:66,7,1,2
BRDA:75,8,0,3
BRDA:75,8,1,0
BRDA:90,9,0,3
BRDA:90,9,1,2
BRDA:92,10,0,1
BRDA:92,10,1,2
BRDA:92,11,0,3
BRDA:92,11,1,2
BRDA:95,12,0,1
BRDA:95,12,1,1
BRDA:98,13,0,1
BRDA:98,13,1,0
BRDA:102,14,0,0
BRDA:102,14,1,2
BRDA:107,15,0,1
BRDA:107,15,1,1
BRDA:107,16,0,2
BRDA:107,16,1,1
BRDA:125,17,0,4
BRDA:125,17,1,0
BRDA:138,18,0,1
BRDA:138,18,1,1
BRDA:140,19,0,0
BRDA:140,19,1,1
BRDA:153,20,0,3
BRDA:153,20,1,2
BRDA:155,21,0,2
BRDA:155,21,1,1
BRDA:155,22,0,3
BRDA:155,22,1,2
BRDA:160,23,0,0
BRDA:160,23,1,0
BRDA:177,24,0,2
BRDA:177,24,1,2
BRDA:179,25,0,2
BRDA:179,25,1,0
BRDA:179,26,0,2
BRDA:179,26,1,1
BRDA:185,27,0,1
BRDA:185,27,1,1
BRDA:190,28,0,0
BRDA:190,28,1,1
BRDA:191,29,0,1
BRDA:191,29,1,0
BRDA:191,30,0,4
BRDA:191,30,1,1
BRDA:198,31,0,3
BRDA:198,31,1,0
BRDA:210,32,0,3
BRDA:210,32,1,3
BRDA:213,33,0,2
BRDA:213,33,1,1
BRDA:215,34,0,1
BRDA:215,34,1,1
BRDA:217,35,0,0
BRDA:217,35,1,1
BRDA:221,36,0,1
BRDA:221,36,1,0
BRDA:235,37,0,2
BRDA:235,37,1,1
BRDA:237,38,0,1
BRDA:237,38,1,1
BRDA:243,39,0,1
BRDA:243,39,1,1
BRDA:258,40,0,3
BRDA:258,40,1,3
BRDA:262,41,0,2
BRDA:262,41,1,1
BRDA:264,42,0,1
BRDA:264,42,1,1
BRDA:266,43,0,0
BRDA:266,43,1,1
BRDA:270,44,0,1
BRDA:270,44,1,0
BRDA:283,45,0,1
BRDA:283,45,1,1
BRDA:285,46,0,0
BRDA:285,46,1,1
BRDA:306,47,0,0
BRDA:306,47,1,3
BRDA:326,48,0,0
BRDA:326,48,1,1
BRDA:335,49,0,1
BRDA:335,49,1,0
BRDA:348,50,0,0
BRDA:348,50,1,10
BRDA:348,51,0,10
BRDA:348,51,1,0
BRDA:352,52,0,0
BRDA:352,52,1,10
BRF:106
BRH:82
end_of_record
TN:
SF:src/lib/services/profile.service.ts
FN:5,getProfile
FNF:1
FNH:0
FNDA:0,getProfile
DA:6,0
DA:7,0
DA:9,0
DA:11,0
DA:12,0
DA:15,0
DA:26,0
DA:27,0
DA:28,0
LF:9
LH:0
BRDA:9,0,0,0
BRDA:9,0,1,0
BRDA:11,1,0,0
BRDA:11,1,1,0
BRDA:26,2,0,0
BRDA:26,2,1,0
BRF:6
BRH:0
end_of_record
TN:
SF:src/lib/services/prompt-sections.service.ts
FN:25,listSections
FN:50,(anonymous_1)
FN:71,createSection
FN:120,updateSection
FN:167,deleteSection
FN:208,reorderSections
FN:215,(anonymous_6)
FNF:7
FNH:0
FNDA:0,listSections
FNDA:0,(anonymous_1)
FNDA:0,createSection
FNDA:0,updateSection
FNDA:0,deleteSection
FNDA:0,reorderSections
FNDA:0,(anonymous_6)
DA:30,0
DA:31,0
DA:33,0
DA:48,0
DA:50,0
DA:59,0
DA:61,0
DA:62,0
DA:63,0
DA:76,0
DA:77,0
DA:79,0
DA:80,0
DA:88,0
DA:91,0
DA:101,0
DA:103,0
DA:111,0
DA:112,0
DA:113,0
DA:126,0
DA:127,0
DA:134,0
DA:135,0
DA:137,0
DA:138,0
DA:139,0
DA:141,0
DA:148,0
DA:150,0
DA:158,0
DA:159,0
DA:160,0
DA:172,0
DA:173,0
DA:180,0
DA:181,0
DA:183,0
DA:188,0
DA:190,0
DA:192,0
DA:194,0
DA:199,0
DA:200,0
DA:201,0
DA:213,0
DA:214,0
DA:215,0
DA:217,0
DA:223,0
DA:225,0
DA:226,0
DA:229,0
DA:234,0
DA:236,0
DA:241,0
DA:242,0
DA:243,0
LF:58
LH:0
BRDA:48,0,0,0
BRDA:48,0,1,0
BRDA:50,1,0,0
BRDA:50,1,1,0
BRDA:56,2,0,0
BRDA:56,2,1,0
BRDA:61,3,0,0
BRDA:61,3,1,0
BRDA:79,4,0,0
BRDA:79,4,1,0
BRDA:88,5,0,0
BRDA:88,5,1,0
BRDA:101,6,0,0
BRDA:101,6,1,0
BRDA:111,7,0,0
BRDA:111,7,1,0
BRDA:134,8,0,0
BRDA:134,8,1,0
BRDA:135,9,0,0
BRDA:135,9,1,0
BRDA:138,10,0,0
BRDA:138,10,1,0
BRDA:139,11,0,0
BRDA:139,11,1,0
BRDA:148,12,0,0
BRDA:148,12,1,0
BRDA:158,13,0,0
BRDA:158,13,1,0
BRDA:180,14,0,0
BRDA:180,14,1,0
BRDA:181,15,0,0
BRDA:181,15,1,0
BRDA:192,16,0,0
BRDA:192,16,1,0
BRDA:196,17,0,0
BRDA:196,17,1,0
BRDA:199,18,0,0
BRDA:199,18,1,0
BRDA:223,19,0,0
BRDA:223,19,1,0
BRDA:225,20,0,0
BRDA:225,20,1,0
BRDA:225,21,0,0
BRDA:225,21,1,0
BRDA:234,22,0,0
BRDA:234,22,1,0
BRDA:238,23,0,0
BRDA:238,23,1,0
BRDA:241,24,0,0
BRDA:241,24,1,0
BRF:50
BRH:0
end_of_record
TN:
SF:src/lib/services/prompts.service.ts
FN:27,toPromptDTO
FN:50,getNextPosition
FN:67,verifySectionOwnership
FN:82,listPrompts
FN:126,getPrompt
FN:149,createPrompt
FN:188,updatePrompt
FN:233,deletePrompt
FN:265,createPromptFromFile
FN:309,reorderPrompts
FN:316,(anonymous_10)
FNF:11
FNH:0
FNDA:0,toPromptDTO
FNDA:0,getNextPosition
FNDA:0,verifySectionOwnership
FNDA:0,listPrompts
FNDA:0,getPrompt
FNDA:0,createPrompt
FNDA:0,updatePrompt
FNDA:0,deletePrompt
FNDA:0,createPromptFromFile
FNDA:0,reorderPrompts
FNDA:0,(anonymous_10)
DA:21,0
DA:22,0
DA:36,0
DA:51,0
DA:53,0
DA:54,0
DA:56,0
DA:59,0
DA:61,0
DA:68,0
DA:75,0
DA:76,0
DA:87,0
DA:88,0
DA:89,0
DA:91,0
DA:94,0
DA:95,0
DA:96,0
DA:98,0
DA:102,0
DA:106,0
DA:108,0
DA:109,0
DA:110,0
DA:112,0
DA:117,0
DA:118,0
DA:119,0
DA:127,0
DA:128,0
DA:135,0
DA:136,0
DA:138,0
DA:140,0
DA:141,0
DA:142,0
DA:154,0
DA:156,0
DA:157,0
DA:161,0
DA:163,0
DA:175,0
DA:177,0
DA:179,0
DA:180,0
DA:181,0
DA:194,0
DA:196,0
DA:203,0
DA:204,0
DA:207,0
DA:208,0
DA:212,0
DA:213,0
DA:214,0
DA:215,0
DA:216,0
DA:218,0
DA:220,0
DA:222,0
DA:224,0
DA:225,0
DA:226,0
DA:238,0
DA:240,0
DA:247,0
DA:248,0
DA:250,0
DA:252,0
DA:254,0
DA:256,0
DA:257,0
DA:258,0
DA:271,0
DA:273,0
DA:274,0
DA:278,0
DA:279,0
DA:283,0
DA:286,0
DA:287,0
DA:291,0
DA:294,0
DA:300,0
DA:301,0
DA:302,0
DA:314,0
DA:315,0
DA:316,0
DA:319,0
DA:321,0
DA:322,0
DA:324,0
DA:327,0
DA:329,0
DA:331,0
DA:332,0
DA:336,0
DA:342,0
DA:344,0
DA:349,0
DA:350,0
DA:351,0
LF:104
LH:0
BRDA:53,0,0,0
BRDA:53,0,1,0
BRDA:61,1,0,0
BRDA:61,1,1,0
BRDA:75,2,0,0
BRDA:75,2,1,0
BRDA:76,3,0,0
BRDA:76,3,1,0
BRDA:94,4,0,0
BRDA:94,4,1,0
BRDA:95,5,0,0
BRDA:95,5,1,0
BRDA:106,6,0,0
BRDA:106,6,1,0
BRDA:108,7,0,0
BRDA:108,7,1,0
BRDA:109,8,0,0
BRDA:109,8,1,0
BRDA:117,9,0,0
BRDA:117,9,1,0
BRDA:135,10,0,0
BRDA:135,10,1,0
BRDA:136,11,0,0
BRDA:136,11,1,0
BRDA:140,12,0,0
BRDA:140,12,1,0
BRDA:156,13,0,0
BRDA:156,13,1,0
BRDA:161,14,0,0
BRDA:161,14,1,0
BRDA:161,15,0,0
BRDA:161,15,1,0
BRDA:169,16,0,0
BRDA:169,16,1,0
BRDA:175,17,0,0
BRDA:175,17,1,0
BRDA:179,18,0,0
BRDA:179,18,1,0
BRDA:203,19,0,0
BRDA:203,19,1,0
BRDA:204,20,0,0
BRDA:204,20,1,0
BRDA:207,21,0,0
BRDA:207,21,1,0
BRDA:207,22,0,0
BRDA:207,22,1,0
BRDA:213,23,0,0
BRDA:213,23,1,0
BRDA:214,24,0,0
BRDA:214,24,1,0
BRDA:215,25,0,0
BRDA:215,25,1,0
BRDA:216,26,0,0
BRDA:216,26,1,0
BRDA:220,27,0,0
BRDA:220,27,1,0
BRDA:224,28,0,0
BRDA:224,28,1,0
BRDA:247,29,0,0
BRDA:247,29,1,0
BRDA:248,30,0,0
BRDA:248,30,1,0
BRDA:252,31,0,0
BRDA:252,31,1,0
BRDA:256,32,0,0
BRDA:256,32,1,0
BRDA:273,33,0,0
BRDA:273,33,1,0
BRDA:278,34,0,0
BRDA:278,34,1,0
BRDA:286,35,0,0
BRDA:286,35,1,0
BRDA:291,36,0,0
BRDA:291,36,1,0
BRDA:300,37,0,0
BRDA:300,37,1,0
BRDA:321,38,0,0
BRDA:321,38,1,0
BRDA:329,39,0,0
BRDA:329,39,1,0
BRDA:331,40,0,0
BRDA:331,40,1,0
BRDA:331,41,0,0
BRDA:331,41,1,0
BRDA:342,42,0,0
BRDA:342,42,1,0
BRDA:346,43,0,0
BRDA:346,43,1,0
BRDA:349,44,0,0
BRDA:349,44,1,0
BRF:90
BRH:0
end_of_record
TN:
SF:src/lib/services/smelts.service.ts
FN:37,createSmelt
FN:113,(anonymous_1)
FN:147,getSmelt
FN:160,(anonymous_3)
FN:183,listSmelts
FN:225,(anonymous_5)
FN:258,createAnonymousSmelt
FN:349,(anonymous_7)
FN:369,deductCredit
FN:384,recordAnonymousUsage
FN:400,verifyPromptOwnership
FN:413,createSmeltFiles
FN:475,toSmeltFileDTO
FN:500,buildSmeltDTO
FN:551,calculateProgress
FNF:15
FNH:12
FNDA:13,createSmelt
FNDA:0,(anonymous_1)
FNDA:4,getSmelt
FNDA:0,(anonymous_3)
FNDA:4,listSmelts
FNDA:8,(anonymous_5)
FNDA:1,createAnonymousSmelt
FNDA:0,(anonymous_7)
FNDA:1,deductCredit
FNDA:1,recordAnonymousUsage
FNDA:1,verifyPromptOwnership
FNDA:1,createSmeltFiles
FNDA:3,toSmeltFileDTO
FNDA:2,buildSmeltDTO
FNDA:1,calculateProgress
DA:44,13
DA:45,13
DA:46,13
DA:49,13
DA:50,2
DA:52,11
DA:53,2
DA:57,9
DA:58,4
DA:59,2
DA:61,2
DA:62,2
DA:67,5
DA:68,3
DA:69,1
DA:71,2
DA:72,1
DA:77,3
DA:80,3
DA:81,1
DA:86,2
DA:87,1
DA:91,1
DA:103,1
DA:106,1
DA:109,1
DA:113,1
DA:114,0
DA:117,1
DA:128,11
DA:129,0
DA:130,0
DA:148,4
DA:149,4
DA:156,4
DA:157,3
DA:159,2
DA:160,0
DA:163,4
DA:165,2
DA:166,1
DA:167,1
DA:188,4
DA:189,4
DA:190,4
DA:192,4
DA:203,4
DA:204,1
DA:207,4
DA:212,4
DA:213,2
DA:215,1
DA:216,1
DA:217,1
DA:222,1
DA:225,8
DA:235,4
DA:236,4
DA:238,4
DA:243,1
DA:244,1
DA:245,1
DA:265,1
DA:268,1
DA:269,1
DA:277,1
DA:278,0
DA:286,1
DA:292,1
DA:293,0
DA:294,0
DA:298,1
DA:301,1
DA:313,1
DA:316,1
DA:317,1
DA:318,1
DA:319,1
DA:320,1
DA:321,1
DA:329,1
DA:333,1
DA:334,0
DA:335,0
DA:345,1
DA:350,0
DA:353,1
DA:370,1
DA:374,1
DA:375,0
DA:385,1
DA:387,1
DA:391,1
DA:392,0
DA:401,1
DA:403,1
DA:404,1
DA:419,1
DA:420,1
DA:423,1
DA:424,1
DA:437,1
DA:440,1
DA:442,1
DA:443,1
DA:447,1
DA:448,0
DA:461,0
DA:464,0
DA:466,0
DA:469,1
DA:485,3
DA:514,2
DA:524,2
DA:525,1
DA:532,1
DA:533,0
DA:541,1
DA:552,1
DA:560,1
DA:561,1
LF:121
LH:104
BRDA:49,0,0,2
BRDA:49,0,1,11
BRDA:49,1,0,13
BRDA:49,1,1,2
BRDA:52,2,0,2
BRDA:52,2,1,9
BRDA:52,3,0,11
BRDA:52,3,1,11
BRDA:57,4,0,4
BRDA:57,4,1,5
BRDA:58,5,0,2
BRDA:58,5,1,2
BRDA:61,6,0,2
BRDA:61,6,1,0
BRDA:67,7,0,3
BRDA:67,7,1,2
BRDA:68,8,0,1
BRDA:68,8,1,2
BRDA:71,9,0,1
BRDA:71,9,1,1
BRDA:80,10,0,1
BRDA:80,10,1,2
BRDA:86,11,0,1
BRDA:86,11,1,1
BRDA:97,12,0,1
BRDA:97,12,1,1
BRDA:98,13,0,13
BRDA:98,13,1,1
BRDA:103,14,0,0
BRDA:103,14,1,1
BRDA:128,15,0,11
BRDA:128,15,1,0
BRDA:156,16,0,1
BRDA:156,16,1,3
BRDA:157,17,0,1
BRDA:157,17,1,2
BRDA:159,18,0,2
BRDA:159,18,1,0
BRDA:165,19,0,1
BRDA:165,19,1,1
BRDA:203,20,0,1
BRDA:203,20,1,3
BRDA:212,21,0,2
BRDA:212,21,1,2
BRDA:213,22,0,1
BRDA:213,22,1,1
BRDA:215,23,0,1
BRDA:215,23,1,0
BRDA:225,24,0,2
BRDA:225,24,1,0
BRDA:229,25,0,8
BRDA:229,25,1,0
BRDA:235,26,0,4
BRDA:235,26,1,0
BRDA:243,27,0,0
BRDA:243,27,1,1
BRDA:277,28,0,0
BRDA:277,28,1,1
BRDA:288,29,0,1
BRDA:288,29,1,1
BRDA:292,30,0,0
BRDA:292,30,1,1
BRDA:319,31,0,1
BRDA:319,31,1,0
BRDA:326,32,0,1
BRDA:326,32,1,0
BRDA:333,33,0,0
BRDA:333,33,1,1
BRDA:333,34,0,1
BRDA:333,34,1,0
BRDA:374,35,0,0
BRDA:374,35,1,1
BRDA:391,36,0,0
BRDA:391,36,1,1
BRDA:403,37,0,1
BRDA:403,37,1,0
BRDA:437,38,0,0
BRDA:437,38,1,1
BRDA:447,39,0,0
BRDA:447,39,1,1
BRDA:461,40,0,0
BRDA:461,40,1,0
BRDA:493,41,0,3
BRDA:493,41,1,0
BRDA:524,42,0,1
BRDA:524,42,1,1
BRDA:532,43,0,0
BRDA:532,43,1,1
BRDA:560,44,0,1
BRDA:560,44,1,0
BRF:90
BRH:65
end_of_record
TN:
SF:src/lib/services/usage.service.ts
FN:14,createAnonymousClient
FN:30,getUsage
FN:39,getAnonymousUsage
FN:63,getAuthenticatedUsage
FN:114,getTomorrowMidnightUtc
FN:133,checkUsageLimits
FNF:6
FNH:6
FNDA:4,createAnonymousClient
FNDA:10,getUsage
FNDA:4,getAnonymousUsage
FNDA:6,getAuthenticatedUsage
FNDA:4,getTomorrowMidnightUtc
FNDA:9,checkUsageLimits
DA:15,4
DA:31,10
DA:33,4
DA:34,4
DA:36,6
DA:40,4
DA:41,4
DA:43,4
DA:45,4
DA:47,4
DA:48,4
DA:50,4
DA:58,0
DA:59,0
DA:67,6
DA:68,6
DA:70,6
DA:72,5
DA:73,1
DA:77,4
DA:78,1
DA:86,3
DA:87,3
DA:88,3
DA:90,3
DA:91,3
DA:93,3
DA:103,3
DA:104,1
DA:107,3
DA:109,2
DA:110,2
DA:115,4
DA:116,4
DA:117,4
DA:118,4
DA:138,9
DA:140,3
DA:141,3
DA:145,3
DA:146,2
DA:148,1
DA:152,6
DA:156,6
DA:157,2
DA:161,4
DA:162,1
DA:166,3
DA:167,2
DA:168,2
DA:169,2
DA:172,2
LF:52
LH:50
BRDA:31,0,0,4
BRDA:31,0,1,6
BRDA:45,1,0,0
BRDA:45,1,1,4
BRDA:47,2,0,4
BRDA:47,2,1,0
BRDA:70,3,0,1
BRDA:70,3,1,5
BRDA:72,4,0,1
BRDA:72,4,1,4
BRDA:77,5,0,1
BRDA:77,5,1,3
BRDA:103,6,0,1
BRDA:103,6,1,2
BRDA:138,7,0,3
BRDA:138,7,1,6
BRDA:145,8,0,2
BRDA:145,8,1,1
BRDA:145,9,0,3
BRDA:145,9,1,0
BRDA:156,10,0,2
BRDA:156,10,1,4
BRDA:156,11,0,6
BRDA:156,11,1,5
BRDA:161,12,0,1
BRDA:161,12,1,3
BRDA:166,13,0,2
BRDA:166,13,1,1
BRF:28
BRH:25
end_of_record
TN:
SF:src/lib/services/audio/conversion.ts
FN:35,probeAudio
FN:36,(anonymous_1)
FN:37,(anonymous_2)
FN:56,convertToMp3
FN:70,(anonymous_4)
FN:77,(anonymous_5)
FN:80,(anonymous_6)
FN:84,(anonymous_7)
FN:92,(anonymous_8)
FN:101,(anonymous_9)
FN:102,(anonymous_10)
FN:117,readAndCleanup
FN:122,(anonymous_12)
FN:132,convertToBase64Mp3
FN:150,needsConversion
FN:157,getAudioDuration
FN:166,(anonymous_16)
FNF:17
FNH:0
FNDA:0,probeAudio
FNDA:0,(anonymous_1)
FNDA:0,(anonymous_2)
FNDA:0,convertToMp3
FNDA:0,(anonymous_4)
FNDA:0,(anonymous_5)
FNDA:0,(anonymous_6)
FNDA:0,(anonymous_7)
FNDA:0,(anonymous_8)
FNDA:0,(anonymous_9)
FNDA:0,(anonymous_10)
FNDA:0,readAndCleanup
FNDA:0,(anonymous_12)
FNDA:0,convertToBase64Mp3
FNDA:0,needsConversion
FNDA:0,getAudioDuration
FNDA:0,(anonymous_16)
DA:16,0
DA:19,0
DA:20,0
DA:21,0
DA:36,0
DA:37,0
DA:38,0
DA:39,0
DA:40,0
DA:41,0
DA:44,0
DA:45,0
DA:47,0
DA:57,0
DA:58,0
DA:59,0
DA:61,0
DA:63,0
DA:66,0
DA:67,0
DA:70,0
DA:71,0
DA:78,0
DA:81,0
DA:82,0
DA:85,0
DA:86,0
DA:92,0
DA:94,0
DA:101,0
DA:102,0
DA:104,0
DA:105,0
DA:108,0
DA:109,0
DA:118,0
DA:119,0
DA:120,0
DA:122,0
DA:123,0
DA:136,0
DA:137,0
DA:139,0
DA:151,0
DA:158,0
DA:159,0
DA:161,0
DA:162,0
DA:163,0
DA:164,0
DA:166,0
LF:51
LH:0
BRDA:38,0,0,0
BRDA:38,0,1,0
BRDA:44,1,0,0
BRDA:44,1,1,0
BRDA:45,2,0,0
BRDA:45,2,1,0
BRDA:104,3,0,0
BRDA:104,3,1,0
BRDA:104,4,0,0
BRDA:104,4,1,0
BRF:10
BRH:0
end_of_record
TN:
SF:src/lib/services/audio/transcription.ts
FN:29,transcribeAudioBuffer
FN:85,transcribeAudioFile
FN:100,processTextInput
FNF:3
FNH:0
FNDA:0,transcribeAudioBuffer
FNDA:0,transcribeAudioFile
FNDA:0,processTextInput
DA:35,0
DA:36,0
DA:43,0
DA:44,0
DA:45,0
DA:46,0
DA:47,0
DA:48,0
DA:51,0
DA:52,0
DA:53,0
DA:54,0
DA:55,0
DA:58,0
DA:61,0
DA:63,0
DA:65,0
DA:71,0
DA:72,0
DA:74,0
DA:75,0
DA:91,0
DA:92,0
DA:93,0
DA:102,0
LF:25
LH:0
BRDA:32,0,0,0
BRDA:43,1,0,0
BRDA:43,1,1,0
BRDA:71,2,0,0
BRDA:71,2,1,0
BRDA:76,3,0,0
BRDA:76,3,1,0
BRDA:88,4,0,0
BRF:8
BRH:0
end_of_record
TN:
SF:src/lib/services/audio/validation.ts
FN:47,validateFormat
FN:73,validateSize
FN:87,validateDuration
FN:98,validateAudioFile
FN:116,validateAudioBuffer
FN:128,isSupportedAudioFormat
FN:141,getExtensionForFormat
FN:148,getMimeTypeForFormat
FN:155,getMaxFileSize
FN:162,getMaxDuration
FNF:10
FNH:10
FNDA:34,validateFormat
FNDA:19,validateSize
FNDA:7,validateDuration
FNDA:7,validateAudioFile
FNDA:4,validateAudioBuffer
FNDA:16,isSupportedAudioFormat
FNDA:7,getExtensionForFormat
FNDA:8,getMimeTypeForFormat
FNDA:1,getMaxFileSize
FNDA:1,getMaxDuration
DA:9,1
DA:10,1
DA:13,1
DA:24,1
DA:48,34
DA:51,34
DA:52,160
DA:53,20
DA:58,14
DA:59,11
DA:60,11
DA:61,11
DA:63,10
DA:67,4
DA:74,19
DA:75,5
DA:76,5
DA:79,14
DA:80,4
DA:88,7
DA:89,4
DA:90,4
DA:100,7
DA:103,7
DA:105,7
DA:121,4
DA:122,4
DA:129,16
DA:130,16
DA:131,64
DA:132,12
DA:135,4
DA:142,7
DA:149,8
DA:156,1
DA:163,1
LF:36
LH:36
BRDA:52,0,0,20
BRDA:52,0,1,140
BRDA:58,1,0,11
BRDA:58,1,1,3
BRDA:58,2,0,14
BRDA:58,2,1,12
BRDA:58,2,2,2
BRDA:61,3,0,10
BRDA:61,3,1,1
BRDA:74,4,0,5
BRDA:74,4,1,14
BRDA:79,5,0,4
BRDA:79,5,1,10
BRDA:88,6,0,4
BRDA:88,6,1,3
BRDA:131,7,0,12
BRDA:131,7,1,52
BRF:17
BRH:17
end_of_record
TN:
SF:src/lib/services/llm/openrouter.client.ts
FN:31,sleep
FN:32,(anonymous_1)
FN:38,getRetryDelay
FN:51,getApiKey
FN:65,parseRetryAfter
FN:86,makeRequest
FN:96,(anonymous_6)
FN:138,(anonymous_7)
FN:169,createCompletion
FN:201,transcribeAudio
FN:252,getDefaultTextModel
FN:259,getDefaultTranscriptionModel
FNF:12
FNH:0
FNDA:0,sleep
FNDA:0,(anonymous_1)
FNDA:0,getRetryDelay
FNDA:0,getApiKey
FNDA:0,parseRetryAfter
FNDA:0,makeRequest
FNDA:0,(anonymous_6)
FNDA:0,(anonymous_7)
FNDA:0,createCompletion
FNDA:0,transcribeAudio
FNDA:0,getDefaultTextModel
FNDA:0,getDefaultTranscriptionModel
DA:16,0
DA:19,0
DA:20,0
DA:23,0
DA:24,0
DA:25,0
DA:26,0
DA:32,0
DA:39,0
DA:40,0
DA:42,0
DA:43,0
DA:44,0
DA:52,0
DA:53,0
DA:55,0
DA:56,0
DA:57,0
DA:59,0
DA:66,0
DA:67,0
DA:69,0
DA:70,0
DA:71,0
DA:75,0
DA:76,0
DA:77,0
DA:80,0
DA:91,0
DA:93,0
DA:94,0
DA:95,0
DA:96,0
DA:98,0
DA:110,0
DA:112,0
DA:113,0
DA:114,0
DA:118,0
DA:119,0
DA:120,0
DA:121,0
DA:122,0
DA:123,0
DA:124,0
DA:126,0
DA:130,0
DA:131,0
DA:132,0
DA:133,0
DA:134,0
DA:138,0
DA:139,0
DA:141,0
DA:143,0
DA:144,0
DA:147,0
DA:148,0
DA:151,0
DA:154,0
DA:155,0
DA:156,0
DA:157,0
DA:158,0
DA:163,0
DA:173,0
DA:174,0
DA:176,0
DA:183,0
DA:185,0
DA:186,0
DA:187,0
DA:190,0
DA:206,0
DA:207,0
DA:209,0
DA:227,0
DA:235,0
DA:237,0
DA:238,0
DA:239,0
DA:242,0
DA:253,0
DA:260,0
LF:84
LH:0
BRDA:39,0,0,0
BRDA:39,0,1,0
BRDA:52,1,0,0
BRDA:52,1,1,0
BRDA:56,2,0,0
BRDA:56,2,1,0
BRDA:67,3,0,0
BRDA:67,3,1,0
BRDA:70,4,0,0
BRDA:70,4,1,0
BRDA:76,5,0,0
BRDA:76,5,1,0
BRDA:89,6,0,0
BRDA:112,7,0,0
BRDA:112,7,1,0
BRDA:118,8,0,0
BRDA:118,8,1,0
BRDA:120,9,0,0
BRDA:120,9,1,0
BRDA:130,10,0,0
BRDA:130,10,1,0
BRDA:130,11,0,0
BRDA:130,11,1,0
BRDA:139,12,0,0
BRDA:139,12,1,0
BRDA:143,13,0,0
BRDA:143,13,1,0
BRDA:143,14,0,0
BRDA:143,14,1,0
BRDA:143,14,2,0
BRDA:147,15,0,0
BRDA:147,15,1,0
BRDA:147,16,0,0
BRDA:147,16,1,0
BRDA:151,17,0,0
BRDA:151,17,1,0
BRDA:154,18,0,0
BRDA:154,18,1,0
BRDA:163,19,0,0
BRDA:163,19,1,0
BRDA:171,20,0,0
BRDA:174,21,0,0
BRDA:174,21,1,0
BRDA:179,22,0,0
BRDA:179,22,1,0
BRDA:180,23,0,0
BRDA:180,23,1,0
BRDA:186,24,0,0
BRDA:186,24,1,0
BRDA:204,25,0,0
BRDA:207,26,0,0
BRDA:207,26,1,0
BRDA:238,27,0,0
BRDA:238,27,1,0
BRF:54
BRH:0
end_of_record
TN:
SF:src/lib/services/llm/types.ts
FNF:0
FNH:0
LF:0
LH:0
BRF:0
BRH:0
end_of_record
TN:
SF:src/lib/services/prompts/loader.ts
FN:50,getPredefinedPrompt
FN:77,getCustomPrompt
FN:96,loadPrompts
FN:128,preloadPredefinedPrompts
FN:131,(anonymous_4)
FN:138,getAvailablePredefinedPrompts
FN:139,(anonymous_6)
FNF:7
FNH:0
FNDA:0,getPredefinedPrompt
FNDA:0,getCustomPrompt
FNDA:0,loadPrompts
FNDA:0,preloadPredefinedPrompts
FNDA:0,(anonymous_4)
FNDA:0,getAvailablePredefinedPrompts
FNDA:0,(anonymous_6)
DA:14,0
DA:17,0
DA:18,0
DA:21,0
DA:27,0
DA:38,0
DA:52,0
DA:53,0
DA:54,0
DA:57,0
DA:58,0
DA:59,0
DA:62,0
DA:64,0
DA:65,0
DA:66,0
DA:67,0
DA:69,0
DA:70,0
DA:78,0
DA:80,0
DA:81,0
DA:82,0
DA:85,0
DA:86,0
DA:89,0
DA:101,0
DA:104,0
DA:105,0
DA:106,0
DA:113,0
DA:114,0
DA:115,0
DA:121,0
DA:129,0
DA:131,0
DA:132,0
DA:139,0
LF:38
LH:0
BRDA:53,0,0,0
BRDA:53,0,1,0
BRDA:58,1,0,0
BRDA:58,1,1,0
BRDA:80,2,0,0
BRDA:80,2,1,0
BRDA:85,3,0,0
BRDA:85,3,1,0
BRDA:113,4,0,0
BRDA:113,4,1,0
BRF:10
BRH:0
end_of_record
TN:
SF:src/lib/services/storage/file-storage.ts
FN:40,getFilePath
FN:47,getResultsPath
FN:60,uploadAudioFile
FN:91,uploadTextContent
FN:124,downloadFile
FN:140,(anonymous_5)
FN:174,downloadTextContent
FN:207,storeResults
FN:239,downloadResults
FN:262,downloadAllResults
FN:295,deleteSmeltFiles
FN:340,deleteSourceFiles
FN:375,hasFiles
FN:388,getMimeTypeFromExtension
FN:407,getBucketName
FNF:15
FNH:0
FNDA:0,getFilePath
FNDA:0,getResultsPath
FNDA:0,uploadAudioFile
FNDA:0,uploadTextContent
FNDA:0,downloadFile
FNDA:0,(anonymous_5)
FNDA:0,downloadTextContent
FNDA:0,storeResults
FNDA:0,downloadResults
FNDA:0,downloadAllResults
FNDA:0,deleteSmeltFiles
FNDA:0,deleteSourceFiles
FNDA:0,hasFiles
FNDA:0,getMimeTypeFromExtension
FNDA:0,getBucketName
DA:17,0
DA:41,0
DA:48,0
DA:66,0
DA:67,0
DA:69,0
DA:74,0
DA:75,0
DA:76,0
DA:79,0
DA:97,0
DA:98,0
DA:99,0
DA:100,0
DA:102,0
DA:107,0
DA:108,0
DA:109,0
DA:112,0
DA:130,0
DA:134,0
DA:135,0
DA:136,0
DA:140,0
DA:141,0
DA:142,0
DA:143,0
DA:146,0
DA:147,0
DA:149,0
DA:150,0
DA:151,0
DA:154,0
DA:155,0
DA:156,0
DA:158,0
DA:179,0
DA:181,0
DA:183,0
DA:185,0
DA:186,0
DA:188,0
DA:191,0
DA:192,0
DA:195,0
DA:213,0
DA:214,0
DA:215,0
DA:216,0
DA:218,0
DA:223,0
DA:224,0
DA:225,0
DA:228,0
DA:244,0
DA:246,0
DA:248,0
DA:249,0
DA:252,0
DA:266,0
DA:268,0
DA:269,0
DA:272,0
DA:274,0
DA:275,0
DA:276,0
DA:277,0
DA:278,0
DA:286,0
DA:297,0
DA:299,0
DA:300,0
DA:301,0
DA:304,0
DA:307,0
DA:308,0
DA:309,0
DA:310,0
DA:316,0
DA:318,0
DA:319,0
DA:320,0
DA:325,0
DA:326,0
DA:328,0
DA:329,0
DA:341,0
DA:343,0
DA:344,0
DA:345,0
DA:348,0
DA:350,0
DA:351,0
DA:353,0
DA:354,0
DA:359,0
DA:360,0
DA:362,0
DA:363,0
DA:376,0
DA:378,0
DA:379,0
DA:382,0
DA:389,0
DA:390,0
DA:401,0
DA:408,0
LF:107
LH:0
BRDA:66,0,0,0
BRDA:66,0,1,0
BRDA:70,1,0,0
BRDA:70,1,1,0
BRDA:74,2,0,0
BRDA:74,2,1,0
BRDA:107,3,0,0
BRDA:107,3,1,0
BRDA:134,4,0,0
BRDA:134,4,1,0
BRDA:140,5,0,0
BRDA:140,5,1,0
BRDA:141,6,0,0
BRDA:141,6,1,0
BRDA:149,7,0,0
BRDA:149,7,1,0
BRDA:149,8,0,0
BRDA:149,8,1,0
BRDA:183,9,0,0
BRDA:183,9,1,0
BRDA:185,10,0,0
BRDA:185,10,1,0
BRDA:191,11,0,0
BRDA:191,11,1,0
BRDA:223,12,0,0
BRDA:223,12,1,0
BRDA:248,13,0,0
BRDA:248,13,1,0
BRDA:248,14,0,0
BRDA:248,14,1,0
BRDA:268,15,0,0
BRDA:268,15,1,0
BRDA:268,16,0,0
BRDA:268,16,1,0
BRDA:275,17,0,0
BRDA:275,17,1,0
BRDA:277,18,0,0
BRDA:277,18,1,0
BRDA:299,19,0,0
BRDA:299,19,1,0
BRDA:307,20,0,0
BRDA:307,20,1,0
BRDA:309,21,0,0
BRDA:309,21,1,0
BRDA:318,22,0,0
BRDA:318,22,1,0
BRDA:325,23,0,0
BRDA:325,23,1,0
BRDA:328,24,0,0
BRDA:328,24,1,0
BRDA:343,25,0,0
BRDA:343,25,1,0
BRDA:350,26,0,0
BRDA:350,26,1,0
BRDA:353,27,0,0
BRDA:353,27,1,0
BRDA:359,28,0,0
BRDA:359,28,1,0
BRDA:362,29,0,0
BRDA:362,29,1,0
BRDA:378,30,0,0
BRDA:378,30,1,0
BRDA:382,31,0,0
BRDA:382,31,1,0
BRDA:401,32,0,0
BRDA:401,32,1,0
BRDA:401,33,0,0
BRDA:401,33,1,0
BRF:68
BRH:0
end_of_record
TN:
SF:src/lib/services/synthesis/synthesis.service.ts
FN:21,synthesizeWithPrompt
FN:60,synthesizeWithMultiplePrompts
FN:90,formatCombinedResults
FN:100,(anonymous_3)
FN:111,combineTranscripts
FN:121,(anonymous_5)
FN:132,createBasicOutput
FNF:7
FNH:0
FNDA:0,synthesizeWithPrompt
FNDA:0,synthesizeWithMultiplePrompts
FNDA:0,formatCombinedResults
FNDA:0,(anonymous_3)
FNDA:0,combineTranscripts
FNDA:0,(anonymous_5)
FNDA:0,createBasicOutput
DA:27,0
DA:28,0
DA:39,0
DA:45,0
DA:51,0
DA:52,0
DA:65,0
DA:67,0
DA:73,0
DA:76,0
DA:77,0
DA:78,0
DA:82,0
DA:84,0
DA:91,0
DA:92,0
DA:95,0
DA:96,0
DA:100,0
DA:101,0
DA:102,0
DA:105,0
DA:112,0
DA:113,0
DA:116,0
DA:117,0
DA:121,0
DA:122,0
DA:125,0
DA:133,0
LF:30
LH:0
BRDA:25,0,0,0
BRDA:63,1,0,0
BRDA:65,2,0,0
BRDA:65,2,1,0
BRDA:91,3,0,0
BRDA:91,3,1,0
BRDA:95,4,0,0
BRDA:95,4,1,0
BRDA:101,5,0,0
BRDA:101,5,1,0
BRDA:112,6,0,0
BRDA:112,6,1,0
BRDA:116,7,0,0
BRDA:116,7,1,0
BRF:14
BRH:0
end_of_record
TN:
SF:src/lib/utils/api-client.ts
FN:14,apiFetch
FNF:1
FNH:0
FNDA:0,apiFetch
DA:15,0
DA:18,0
DA:19,0
DA:22,0
LF:4
LH:0
BRDA:18,0,0,0
BRDA:18,0,1,0
BRDA:18,1,0,0
BRDA:18,1,1,0
BRDA:18,1,2,0
BRF:5
BRH:0
end_of_record
TN:
SF:src/lib/utils/api-key-errors.ts
FN:16,(anonymous_0)
FN:29,(anonymous_1)
FN:42,(anonymous_2)
FN:55,(anonymous_3)
FN:68,(anonymous_4)
FNF:5
FNH:4
FNDA:0,(anonymous_0)
FNDA:1,(anonymous_1)
FNDA:1,(anonymous_2)
FNDA:1,(anonymous_3)
FNDA:1,(anonymous_4)
DA:13,0
DA:14,0
DA:17,0
DA:26,1
DA:27,1
DA:30,1
DA:39,1
DA:40,1
DA:43,1
DA:52,1
DA:53,1
DA:56,1
DA:65,1
DA:66,1
DA:69,1
LF:15
LH:12
BRF:0
BRH:0
end_of_record
TN:
SF:src/lib/utils/auth-errors.ts
FN:16,(anonymous_0)
FN:30,(anonymous_1)
FN:43,(anonymous_2)
FN:56,(anonymous_3)
FN:69,(anonymous_4)
FN:82,(anonymous_5)
FN:95,(anonymous_6)
FN:107,(anonymous_7)
FNF:8
FNH:6
FNDA:1,(anonymous_0)
FNDA:2,(anonymous_1)
FNDA:2,(anonymous_2)
FNDA:0,(anonymous_3)
FNDA:1,(anonymous_4)
FNDA:1,(anonymous_5)
FNDA:4,(anonymous_6)
FNDA:0,(anonymous_7)
DA:13,1
DA:14,1
DA:17,1
DA:27,2
DA:28,2
DA:31,2
DA:40,2
DA:41,2
DA:44,2
DA:53,0
DA:54,0
DA:57,0
DA:66,1
DA:67,1
DA:70,1
DA:79,1
DA:80,1
DA:83,1
DA:92,4
DA:93,4
DA:96,4
DA:105,0
DA:108,0
DA:111,0
LF:24
LH:18
BRF:0
BRH:0
end_of_record
TN:
SF:src/lib/utils/encryption.ts
FN:14,getEncryptionKey
FN:26,encrypt
FN:42,decrypt
FNF:3
FNH:0
FNDA:0,getEncryptionKey
FNDA:0,encrypt
FNDA:0,decrypt
DA:7,0
DA:8,0
DA:15,0
DA:16,0
DA:17,0
DA:19,0
DA:27,0
DA:28,0
DA:29,0
DA:31,0
DA:32,0
DA:33,0
DA:35,0
DA:43,0
DA:44,0
DA:46,0
DA:47,0
DA:50,0
DA:51,0
DA:52,0
DA:53,0
DA:55,0
DA:56,0
DA:57,0
LF:24
LH:0
BRDA:16,0,0,0
BRDA:16,0,1,0
BRDA:16,1,0,0
BRDA:16,1,1,0
BRDA:46,2,0,0
BRDA:46,2,1,0
BRDA:46,3,0,0
BRDA:46,3,1,0
BRDA:46,3,2,0
BRF:9
BRH:0
end_of_record
TN:
SF:src/lib/utils/errors.ts
FN:14,(anonymous_0)
FN:19,(anonymous_1)
FN:35,(anonymous_2)
FN:48,(anonymous_3)
FN:60,(anonymous_4)
FN:73,toAppError
FN:90,(anonymous_6)
FN:104,(anonymous_7)
FN:117,(anonymous_8)
FN:129,(anonymous_9)
FN:141,(anonymous_10)
FN:157,(anonymous_11)
FN:169,(anonymous_12)
FN:181,(anonymous_13)
FN:193,(anonymous_14)
FN:205,(anonymous_15)
FN:213,jsonResponse
FNF:17
FNH:17
FNDA:92,(anonymous_0)
FNDA:2,(anonymous_1)
FNDA:21,(anonymous_2)
FNDA:4,(anonymous_3)
FNDA:1,(anonymous_4)
FNDA:5,toAppError
FNDA:2,(anonymous_6)
FNDA:2,(anonymous_7)
FNDA:2,(anonymous_8)
FNDA:1,(anonymous_9)
FNDA:1,(anonymous_10)
FNDA:7,(anonymous_11)
FNDA:5,(anonymous_12)
FNDA:5,(anonymous_13)
FNDA:5,(anonymous_14)
FNDA:1,(anonymous_15)
FNDA:3,jsonResponse
DA:15,92
DA:16,92
DA:20,2
DA:32,21
DA:33,21
DA:36,21
DA:45,4
DA:46,4
DA:49,4
DA:58,1
DA:61,1
DA:64,1
DA:74,5
DA:75,4
DA:76,4
DA:87,2
DA:88,2
DA:91,2
DA:100,2
DA:101,2
DA:105,2
DA:106,2
DA:114,2
DA:115,2
DA:118,2
DA:126,1
DA:127,1
DA:130,1
DA:138,1
DA:139,1
DA:142,1
DA:154,7
DA:155,7
DA:158,7
DA:166,5
DA:167,5
DA:170,5
DA:178,5
DA:179,5
DA:182,5
DA:190,5
DA:191,5
DA:194,5
DA:202,1
DA:203,1
DA:206,1
DA:214,3
LF:47
LH:47
BRDA:48,0,0,4
BRDA:74,1,0,1
BRDA:74,1,1,4
BRDA:90,2,0,2
BRDA:117,3,0,2
BRDA:129,4,0,1
BRDA:141,5,0,1
BRDA:157,6,0,7
BRDA:169,7,0,5
BRDA:181,8,0,5
BRDA:193,9,0,5
BRDA:205,10,0,1
BRDA:213,11,0,3
BRF:13
BRH:13
end_of_record
TN:
SF:src/lib/utils/hash.ts
FN:7,hashIp
FNF:1
FNH:1
FNDA:9,hashIp
DA:8,9
LF:1
LH:1
BRF:0
BRH:0
end_of_record
TN:
SF:src/lib/utils/prompt-errors.ts
FN:18,(anonymous_0)
FN:30,(anonymous_1)
FN:42,(anonymous_2)
FN:53,(anonymous_3)
FN:68,(anonymous_4)
FN:80,(anonymous_5)
FN:92,(anonymous_6)
FN:104,(anonymous_7)
FN:116,(anonymous_8)
FNF:9
FNH:0
FNDA:0,(anonymous_0)
FNDA:0,(anonymous_1)
FNDA:0,(anonymous_2)
FNDA:0,(anonymous_3)
FNDA:0,(anonymous_4)
FNDA:0,(anonymous_5)
FNDA:0,(anonymous_6)
FNDA:0,(anonymous_7)
FNDA:0,(anonymous_8)
DA:15,0
DA:16,0
DA:19,0
DA:27,0
DA:28,0
DA:31,0
DA:39,0
DA:40,0
DA:43,0
DA:51,0
DA:54,0
DA:57,0
DA:65,0
DA:66,0
DA:69,0
DA:77,0
DA:78,0
DA:81,0
DA:89,0
DA:90,0
DA:93,0
DA:101,0
DA:102,0
DA:105,0
DA:113,0
DA:114,0
DA:117,0
LF:27
LH:0
BRDA:18,0,0,0
BRDA:30,1,0,0
BRDA:42,2,0,0
BRDA:68,3,0,0
BRDA:80,4,0,0
BRDA:92,5,0,0
BRDA:104,6,0,0
BRDA:116,7,0,0
BRF:8
BRH:0
end_of_record
TN:
SF:src/lib/utils/prompt-section-errors.ts
FN:21,(anonymous_0)
FN:33,(anonymous_1)
FN:44,(anonymous_2)
FNF:3
FNH:0
FNDA:0,(anonymous_0)
FNDA:0,(anonymous_1)
FNDA:0,(anonymous_2)
DA:18,0
DA:19,0
DA:22,0
DA:30,0
DA:31,0
DA:34,0
DA:42,0
DA:45,0
DA:48,0
LF:9
LH:0
BRDA:21,0,0,0
BRDA:33,1,0,0
BRF:2
BRH:0
end_of_record
TN:
SF:src/lib/utils/smelt-errors.ts
FN:19,(anonymous_0)
FN:35,(anonymous_1)
FN:48,(anonymous_2)
FN:65,(anonymous_3)
FN:78,(anonymous_4)
FN:95,(anonymous_5)
FN:108,(anonymous_6)
FNF:7
FNH:7
FNDA:8,(anonymous_0)
FNDA:2,(anonymous_1)
FNDA:2,(anonymous_2)
FNDA:2,(anonymous_3)
FNDA:2,(anonymous_4)
FNDA:1,(anonymous_5)
FNDA:1,(anonymous_6)
DA:17,8
DA:20,8
DA:23,8
DA:32,2
DA:33,2
DA:36,2
DA:45,2
DA:46,2
DA:49,2
DA:62,2
DA:63,2
DA:66,2
DA:75,2
DA:76,2
DA:79,2
DA:92,1
DA:93,1
DA:96,1
DA:105,1
DA:106,1
DA:109,1
LF:21
LH:21
BRF:0
BRH:0
end_of_record
TN:
SF:src/lib/utils/token-storage.ts
FN:24,saveTokens
FN:37,getAccessToken
FN:47,clearTokens
FN:60,migrateFromLocalStorage
FNF:4
FNH:0
FNDA:0,saveTokens
FNDA:0,getAccessToken
FNDA:0,clearTokens
FNDA:0,migrateFromLocalStorage
DA:14,0
DA:25,0
DA:26,0
DA:28,0
DA:29,0
DA:30,0
DA:38,0
DA:40,0
DA:48,0
DA:50,0
DA:51,0
DA:52,0
DA:61,0
DA:63,0
DA:64,0
DA:65,0
DA:66,0
DA:71,0
DA:72,0
LF:19
LH:0
BRDA:26,0,0,0
BRDA:26,0,1,0
BRDA:38,1,0,0
BRDA:38,1,1,0
BRDA:48,2,0,0
BRDA:48,2,1,0
BRDA:61,3,0,0
BRDA:61,3,1,0
BRDA:64,4,0,0
BRDA:64,4,1,0
BRDA:71,5,0,0
BRDA:71,5,1,0
BRF:12
BRH:0
end_of_record
